Determining if the include file pthread.h exists passed with the following output:
Change Dir: /home/francesco/Documents/out/bin/CMakeFiles/CMakeTmp

Run Build Command:"/usr/bin/make" "cmTC_30296/fast"
/usr/bin/make -f CMakeFiles/cmTC_30296.dir/build.make CMakeFiles/cmTC_30296.dir/build
make[1]: Entering directory '/home/francesco/Documents/out/bin/CMakeFiles/CMakeTmp'
Building C object CMakeFiles/cmTC_30296.dir/CheckIncludeFile.c.o
/usr/bin/cc     -o CMakeFiles/cmTC_30296.dir/CheckIncludeFile.c.o   -c /home/francesco/Documents/out/bin/CMakeFiles/CMakeTmp/CheckIncludeFile.c
Linking C executable cmTC_30296
/usr/bin/cmake -E cmake_link_script CMakeFiles/cmTC_30296.dir/link.txt --verbose=1
/usr/bin/cc       CMakeFiles/cmTC_30296.dir/CheckIncludeFile.c.o  -o cmTC_30296 
make[1]: Leaving directory '/home/francesco/Documents/out/bin/CMakeFiles/CMakeTmp'


Determining if the function pthread_create exists in the pthread passed with the following output:
Change Dir: /home/francesco/Documents/out/bin/CMakeFiles/CMakeTmp

Run Build Command:"/usr/bin/make" "cmTC_21d67/fast"
/usr/bin/make -f CMakeFiles/cmTC_21d67.dir/build.make CMakeFiles/cmTC_21d67.dir/build
make[1]: Entering directory '/home/francesco/Documents/out/bin/CMakeFiles/CMakeTmp'
Building C object CMakeFiles/cmTC_21d67.dir/CheckFunctionExists.c.o
/usr/bin/cc    -DCHECK_FUNCTION_EXISTS=pthread_create   -o CMakeFiles/cmTC_21d67.dir/CheckFunctionExists.c.o   -c /usr/share/cmake-3.5/Modules/CheckFunctionExists.c
Linking C executable cmTC_21d67
/usr/bin/cmake -E cmake_link_script CMakeFiles/cmTC_21d67.dir/link.txt --verbose=1
/usr/bin/cc   -DCHECK_FUNCTION_EXISTS=pthread_create    CMakeFiles/cmTC_21d67.dir/CheckFunctionExists.c.o  -o cmTC_21d67 -lpthread 
make[1]: Leaving directory '/home/francesco/Documents/out/bin/CMakeFiles/CMakeTmp'


Determining if the include file pthread.h exists passed with the following output:
Change Dir: /home/francesco/Documents/computer_graphics_hw3/bin/CMakeFiles/CMakeTmp

Run Build Command:"/usr/bin/make" "cmTC_70dc9/fast"
/usr/bin/make -f CMakeFiles/cmTC_70dc9.dir/build.make CMakeFiles/cmTC_70dc9.dir/build
make[1]: Entering directory '/home/francesco/Documents/computer_graphics_hw3/bin/CMakeFiles/CMakeTmp'
Building C object CMakeFiles/cmTC_70dc9.dir/CheckIncludeFile.c.o
/usr/bin/cc     -o CMakeFiles/cmTC_70dc9.dir/CheckIncludeFile.c.o   -c /home/francesco/Documents/computer_graphics_hw3/bin/CMakeFiles/CMakeTmp/CheckIncludeFile.c
Linking C executable cmTC_70dc9
/usr/bin/cmake -E cmake_link_script CMakeFiles/cmTC_70dc9.dir/link.txt --verbose=1
/usr/bin/cc       CMakeFiles/cmTC_70dc9.dir/CheckIncludeFile.c.o  -o cmTC_70dc9 
make[1]: Leaving directory '/home/francesco/Documents/computer_graphics_hw3/bin/CMakeFiles/CMakeTmp'


Determining if the function pthread_create exists in the pthread passed with the following output:
Change Dir: /home/francesco/Documents/computer_graphics_hw3/bin/CMakeFiles/CMakeTmp

Run Build Command:"/usr/bin/make" "cmTC_0ffc9/fast"
/usr/bin/make -f CMakeFiles/cmTC_0ffc9.dir/build.make CMakeFiles/cmTC_0ffc9.dir/build
make[1]: Entering directory '/home/francesco/Documents/computer_graphics_hw3/bin/CMakeFiles/CMakeTmp'
Building C object CMakeFiles/cmTC_0ffc9.dir/CheckFunctionExists.c.o
/usr/bin/cc    -DCHECK_FUNCTION_EXISTS=pthread_create   -o CMakeFiles/cmTC_0ffc9.dir/CheckFunctionExists.c.o   -c /usr/share/cmake-3.5/Modules/CheckFunctionExists.c
Linking C executable cmTC_0ffc9
/usr/bin/cmake -E cmake_link_script CMakeFiles/cmTC_0ffc9.dir/link.txt --verbose=1
/usr/bin/cc   -DCHECK_FUNCTION_EXISTS=pthread_create    CMakeFiles/cmTC_0ffc9.dir/CheckFunctionExists.c.o  -o cmTC_0ffc9 -lpthread 
make[1]: Leaving directory '/home/francesco/Documents/computer_graphics_hw3/bin/CMakeFiles/CMakeTmp'


