Determining if the pthread_create exist failed with the following output:
Change Dir: /home/francesco/Documents/out/bin/CMakeFiles/CMakeTmp

Run Build Command:"/usr/bin/make" "cmTC_da31b/fast"
/usr/bin/make -f CMakeFiles/cmTC_da31b.dir/build.make CMakeFiles/cmTC_da31b.dir/build
make[1]: Entering directory '/home/francesco/Documents/out/bin/CMakeFiles/CMakeTmp'
Building C object CMakeFiles/cmTC_da31b.dir/CheckSymbolExists.c.o
/usr/bin/cc     -o CMakeFiles/cmTC_da31b.dir/CheckSymbolExists.c.o   -c /home/francesco/Documents/out/bin/CMakeFiles/CMakeTmp/CheckSymbolExists.c
Linking C executable cmTC_da31b
/usr/bin/cmake -E cmake_link_script CMakeFiles/cmTC_da31b.dir/link.txt --verbose=1
/usr/bin/cc       CMakeFiles/cmTC_da31b.dir/CheckSymbolExists.c.o  -o cmTC_da31b 
CMakeFiles/cmTC_da31b.dir/CheckSymbolExists.c.o: In function `main':
CheckSymbolExists.c:(.text+0x16): undefined reference to `pthread_create'
collect2: error: ld returned 1 exit status
CMakeFiles/cmTC_da31b.dir/build.make:97: recipe for target 'cmTC_da31b' failed
make[1]: *** [cmTC_da31b] Error 1
make[1]: Leaving directory '/home/francesco/Documents/out/bin/CMakeFiles/CMakeTmp'
Makefile:126: recipe for target 'cmTC_da31b/fast' failed
make: *** [cmTC_da31b/fast] Error 2

File /home/francesco/Documents/out/bin/CMakeFiles/CMakeTmp/CheckSymbolExists.c:
/* */
#include <pthread.h>

int main(int argc, char** argv)
{
  (void)argv;
#ifndef pthread_create
  return ((int*)(&pthread_create))[argc];
#else
  (void)argc;
  return 0;
#endif
}

Determining if the function pthread_create exists in the pthreads failed with the following output:
Change Dir: /home/francesco/Documents/out/bin/CMakeFiles/CMakeTmp

Run Build Command:"/usr/bin/make" "cmTC_288d4/fast"
/usr/bin/make -f CMakeFiles/cmTC_288d4.dir/build.make CMakeFiles/cmTC_288d4.dir/build
make[1]: Entering directory '/home/francesco/Documents/out/bin/CMakeFiles/CMakeTmp'
Building C object CMakeFiles/cmTC_288d4.dir/CheckFunctionExists.c.o
/usr/bin/cc    -DCHECK_FUNCTION_EXISTS=pthread_create   -o CMakeFiles/cmTC_288d4.dir/CheckFunctionExists.c.o   -c /usr/share/cmake-3.5/Modules/CheckFunctionExists.c
Linking C executable cmTC_288d4
/usr/bin/cmake -E cmake_link_script CMakeFiles/cmTC_288d4.dir/link.txt --verbose=1
/usr/bin/cc   -DCHECK_FUNCTION_EXISTS=pthread_create    CMakeFiles/cmTC_288d4.dir/CheckFunctionExists.c.o  -o cmTC_288d4 -lpthreads 
/usr/bin/ld: cannot find -lpthreads
collect2: error: ld returned 1 exit status
CMakeFiles/cmTC_288d4.dir/build.make:97: recipe for target 'cmTC_288d4' failed
make[1]: *** [cmTC_288d4] Error 1
make[1]: Leaving directory '/home/francesco/Documents/out/bin/CMakeFiles/CMakeTmp'
Makefile:126: recipe for target 'cmTC_288d4/fast' failed
make: *** [cmTC_288d4/fast] Error 2


Determining if the pthread_create exist failed with the following output:
Change Dir: /home/francesco/Documents/computer_graphics_hw3/bin/CMakeFiles/CMakeTmp

Run Build Command:"/usr/bin/make" "cmTC_856b6/fast"
/usr/bin/make -f CMakeFiles/cmTC_856b6.dir/build.make CMakeFiles/cmTC_856b6.dir/build
make[1]: Entering directory '/home/francesco/Documents/computer_graphics_hw3/bin/CMakeFiles/CMakeTmp'
Building C object CMakeFiles/cmTC_856b6.dir/CheckSymbolExists.c.o
/usr/bin/cc     -o CMakeFiles/cmTC_856b6.dir/CheckSymbolExists.c.o   -c /home/francesco/Documents/computer_graphics_hw3/bin/CMakeFiles/CMakeTmp/CheckSymbolExists.c
Linking C executable cmTC_856b6
/usr/bin/cmake -E cmake_link_script CMakeFiles/cmTC_856b6.dir/link.txt --verbose=1
/usr/bin/cc       CMakeFiles/cmTC_856b6.dir/CheckSymbolExists.c.o  -o cmTC_856b6 
CMakeFiles/cmTC_856b6.dir/CheckSymbolExists.c.o: In function `main':
CheckSymbolExists.c:(.text+0x16): undefined reference to `pthread_create'
collect2: error: ld returned 1 exit status
CMakeFiles/cmTC_856b6.dir/build.make:97: recipe for target 'cmTC_856b6' failed
make[1]: *** [cmTC_856b6] Error 1
make[1]: Leaving directory '/home/francesco/Documents/computer_graphics_hw3/bin/CMakeFiles/CMakeTmp'
Makefile:126: recipe for target 'cmTC_856b6/fast' failed
make: *** [cmTC_856b6/fast] Error 2

File /home/francesco/Documents/computer_graphics_hw3/bin/CMakeFiles/CMakeTmp/CheckSymbolExists.c:
/* */
#include <pthread.h>

int main(int argc, char** argv)
{
  (void)argv;
#ifndef pthread_create
  return ((int*)(&pthread_create))[argc];
#else
  (void)argc;
  return 0;
#endif
}

Determining if the function pthread_create exists in the pthreads failed with the following output:
Change Dir: /home/francesco/Documents/computer_graphics_hw3/bin/CMakeFiles/CMakeTmp

Run Build Command:"/usr/bin/make" "cmTC_33d76/fast"
/usr/bin/make -f CMakeFiles/cmTC_33d76.dir/build.make CMakeFiles/cmTC_33d76.dir/build
make[1]: Entering directory '/home/francesco/Documents/computer_graphics_hw3/bin/CMakeFiles/CMakeTmp'
Building C object CMakeFiles/cmTC_33d76.dir/CheckFunctionExists.c.o
/usr/bin/cc    -DCHECK_FUNCTION_EXISTS=pthread_create   -o CMakeFiles/cmTC_33d76.dir/CheckFunctionExists.c.o   -c /usr/share/cmake-3.5/Modules/CheckFunctionExists.c
Linking C executable cmTC_33d76
/usr/bin/cmake -E cmake_link_script CMakeFiles/cmTC_33d76.dir/link.txt --verbose=1
/usr/bin/cc   -DCHECK_FUNCTION_EXISTS=pthread_create    CMakeFiles/cmTC_33d76.dir/CheckFunctionExists.c.o  -o cmTC_33d76 -lpthreads 
/usr/bin/ld: cannot find -lpthreads
collect2: error: ld returned 1 exit status
CMakeFiles/cmTC_33d76.dir/build.make:97: recipe for target 'cmTC_33d76' failed
make[1]: *** [cmTC_33d76] Error 1
make[1]: Leaving directory '/home/francesco/Documents/computer_graphics_hw3/bin/CMakeFiles/CMakeTmp'
Makefile:126: recipe for target 'cmTC_33d76/fast' failed
make: *** [cmTC_33d76/fast] Error 2


